<?xml version="1.0" encoding="UTF-8"?>
<!-- Generated by org.testng.reporters.JUnitReportReporter -->
<testsuite skipped="0" hostname="HARSHITA" name="appiumWebCheck.StartChrome" tests="1" failures="0" timestamp="04 Sep 2018 19:12:45 GMT" time="53.883" errors="0">
  <testcase name="test1" time="53.883" classname="appiumWebCheck.StartChrome"/>
</testsuite> <!-- appiumWebCheck.StartChrome -->
