<?xml version="1.0" encoding="UTF-8"?>
<!-- Generated by org.testng.reporters.JUnitReportReporter -->
<testsuite skipped="0" hostname="HARSHITA" name="appiumWebCheck.StartApk" tests="1" failures="0" timestamp="04 Sep 2018 22:05:59 GMT" time="59.007" errors="0">
  <testcase name="test1" time="59.007" classname="appiumWebCheck.StartApk"/>
</testsuite> <!-- appiumWebCheck.StartApk -->
